<?xml version="1.0" encoding="UTF-8"?>
<!-- Generated by org.testng.reporters.JUnitReportReporter -->
<testsuite skipped="2" hostname="7020761Hermes01" name="launchTest.LaunchDavi_Pagos" tests="3" failures="0" timestamp="2022-05-10T16:17:17 GMT-05:00" time="0.681" errors="1">
  <testcase name="beforeClass" time="0.681" classname="launchTest.LaunchDavi_Pagos">
    <error type="java.lang.NullPointerException">
      <![CDATA[java.lang.NullPointerException
at sun.awt.SunToolkit.getImageFromHash(SunToolkit.java:728)
at sun.awt.SunToolkit.getImage(SunToolkit.java:762)
at dxc.util.DXCUtil.getProviderIconImage(DXCUtil.java:71)
at dxc.util.ConsoleWindow.<init>(ConsoleWindow.java:64)
at dxc.execution.BaseTestNG_XBloque.beforeClass(BaseTestNG_XBloque.java:31)
at sun.reflect.NativeMethodAccessorImpl.invoke0(Native Method)
at sun.reflect.NativeMethodAccessorImpl.invoke(NativeMethodAccessorImpl.java:62)
at sun.reflect.DelegatingMethodAccessorImpl.invoke(DelegatingMethodAccessorImpl.java:43)
at java.lang.reflect.Method.invoke(Method.java:498)
at org.testng.internal.MethodInvocationHelper.invokeMethod(MethodInvocationHelper.java:132)
at org.testng.internal.MethodInvocationHelper.invokeMethodConsideringTimeout(MethodInvocationHelper.java:61)
at org.testng.internal.ConfigInvoker.invokeConfigurationMethod(ConfigInvoker.java:366)
at org.testng.internal.ConfigInvoker.invokeConfigurations(ConfigInvoker.java:320)
at org.testng.internal.TestMethodWorker.invokeBeforeClassMethods(TestMethodWorker.java:176)
at org.testng.internal.TestMethodWorker.run(TestMethodWorker.java:122)
at java.util.ArrayList.forEach(ArrayList.java:1257)
at org.testng.TestRunner.privateRun(TestRunner.java:764)
at org.testng.TestRunner.run(TestRunner.java:585)
at org.testng.SuiteRunner.runTest(SuiteRunner.java:384)
at org.testng.SuiteRunner.runSequentially(SuiteRunner.java:378)
at org.testng.SuiteRunner.privateRun(SuiteRunner.java:337)
at org.testng.SuiteRunner.run(SuiteRunner.java:286)
at org.testng.SuiteRunnerWorker.runSuite(SuiteRunnerWorker.java:53)
at org.testng.SuiteRunnerWorker.run(SuiteRunnerWorker.java:96)
at org.testng.TestNG.runSuitesSequentially(TestNG.java:1218)
at org.testng.TestNG.runSuitesLocally(TestNG.java:1140)
at org.testng.TestNG.runSuites(TestNG.java:1069)
at org.testng.TestNG.run(TestNG.java:1037)
at CreadorJar.CrearJarDavivienda.main(CrearJarDavivienda.java:45)
]]>
    </error>
  </testcase> <!-- beforeClass -->
  <system-out/>
  <testcase name="DXCExec" time="0.000" classname="launchTest.LaunchDavi_Pagos">
    <skipped/>
  </testcase> <!-- DXCExec -->
  <system-out/>
  <testcase name="DXCConfiguration" time="0.000" classname="launchTest.LaunchDavi_Pagos">
    <skipped/>
  </testcase> <!-- DXCConfiguration -->
  <system-out/>
</testsuite> <!-- launchTest.LaunchDavi_Pagos -->
